[0.014s] Invoking command in '/root/ros1_bridge/build/ros1_bridge': CMAKE_PREFIX_PATH=${CMAKE_PREFIX_PATH}:/root/ros2_ws/install/save_files:/opt/ros/humble /usr/bin/cmake /root/ros1_bridge/src/ros1_bridge -DCMAKE_INSTALL_PREFIX=/root/ros1_bridge/install/ros1_bridge
[0.172s] -- The C compiler identification is GNU 11.4.0
[0.289s] -- The CXX compiler identification is GNU 11.4.0
[0.301s] -- Detecting C compiler ABI info
[0.401s] -- Detecting C compiler ABI info - done
[0.408s] -- Check for working C compiler: /usr/bin/cc - skipped
[0.409s] -- Detecting C compile features
[0.409s] -- Detecting C compile features - done
[0.413s] -- Detecting CXX compiler ABI info
[0.523s] -- Detecting CXX compiler ABI info - done
[0.534s] -- Check for working CXX compiler: /usr/bin/c++ - skipped
[0.534s] -- Detecting CXX compile features
[0.534s] -- Detecting CXX compile features - done
[0.541s] -- Found rmw: 6.1.2 (/opt/ros/humble/share/rmw/cmake)
[0.726s] -- Found Python3: /usr/bin/python3 (found version "3.10.12") found components: Interpreter 
[0.883s] -- Found rclcpp: 16.0.10 (/opt/ros/humble/share/rclcpp/cmake)
[0.923s] -- Found rosidl_generator_c: 3.1.5 (/opt/ros/humble/share/rosidl_generator_c/cmake)
[0.933s] -- Found rosidl_adapter: 3.1.5 (/opt/ros/humble/share/rosidl_adapter/cmake)
[0.945s] -- Found rosidl_generator_cpp: 3.1.5 (/opt/ros/humble/share/rosidl_generator_cpp/cmake)
[0.957s] -- Using all available rosidl_typesupport_c: rosidl_typesupport_fastrtps_c;rosidl_typesupport_introspection_c
[0.978s] -- Using all available rosidl_typesupport_cpp: rosidl_typesupport_fastrtps_cpp;rosidl_typesupport_introspection_cpp
[1.043s] -- Found rmw_implementation_cmake: 6.1.2 (/opt/ros/humble/share/rmw_implementation_cmake/cmake)
[1.047s] -- Found rmw_fastrtps_cpp: 6.2.7 (/opt/ros/humble/share/rmw_fastrtps_cpp/cmake)
[1.209s] -- Found OpenSSL: /usr/lib/x86_64-linux-gnu/libcrypto.so (found version "3.0.2")  
[1.250s] -- Found FastRTPS: /opt/ros/humble/include  
[1.306s] -- Using RMW implementation 'rmw_fastrtps_cpp' as default
[1.319s] -- Looking for pthread.h
[1.429s] -- Looking for pthread.h - found
[1.429s] -- Performing Test CMAKE_HAVE_LIBC_PTHREAD
[1.533s] -- Performing Test CMAKE_HAVE_LIBC_PTHREAD - Success
[1.535s] -- Found Threads: TRUE  
[1.602s] -- Found PkgConfig: /usr/bin/pkg-config (found version "0.29.2") 
[1.608s] -- Checking for module 'roscpp'
[1.612s] --   No package 'roscpp' found
[1.612s] [33mCMake Warning at CMakeLists.txt:36 (message):
[1.612s]   Failed to find ROS 1 roscpp, skipping...
[1.612s] 
[1.612s] [0m
[1.679s] -- Configuring done
[1.685s] -- Generating done
[1.687s] -- Build files have been written to: /root/ros1_bridge/build/ros1_bridge
[1.696s] Invoked command in '/root/ros1_bridge/build/ros1_bridge' returned '0': CMAKE_PREFIX_PATH=${CMAKE_PREFIX_PATH}:/root/ros2_ws/install/save_files:/opt/ros/humble /usr/bin/cmake /root/ros1_bridge/src/ros1_bridge -DCMAKE_INSTALL_PREFIX=/root/ros1_bridge/install/ros1_bridge
[1.699s] Invoking command in '/root/ros1_bridge/build/ros1_bridge': CMAKE_PREFIX_PATH=${CMAKE_PREFIX_PATH}:/root/ros2_ws/install/save_files:/opt/ros/humble /usr/bin/cmake --build /root/ros1_bridge/build/ros1_bridge -- -j8 -l8
[1.752s] Invoked command in '/root/ros1_bridge/build/ros1_bridge' returned '0': CMAKE_PREFIX_PATH=${CMAKE_PREFIX_PATH}:/root/ros2_ws/install/save_files:/opt/ros/humble /usr/bin/cmake --build /root/ros1_bridge/build/ros1_bridge -- -j8 -l8
[1.798s] Invoking command in '/root/ros1_bridge/build/ros1_bridge': CMAKE_PREFIX_PATH=${CMAKE_PREFIX_PATH}:/root/ros2_ws/install/save_files:/opt/ros/humble /usr/bin/cmake --install /root/ros1_bridge/build/ros1_bridge
[1.806s] -- Install configuration: ""
[1.806s] -- Installing: /root/ros1_bridge/install/ros1_bridge/share/ament_index/resource_index/package_run_dependencies/ros1_bridge
[1.807s] -- Installing: /root/ros1_bridge/install/ros1_bridge/share/ament_index/resource_index/parent_prefix_path/ros1_bridge
[1.807s] -- Installing: /root/ros1_bridge/install/ros1_bridge/share/ros1_bridge/environment/ament_prefix_path.sh
[1.807s] -- Installing: /root/ros1_bridge/install/ros1_bridge/share/ros1_bridge/environment/ament_prefix_path.dsv
[1.807s] -- Installing: /root/ros1_bridge/install/ros1_bridge/share/ros1_bridge/environment/path.sh
[1.807s] -- Installing: /root/ros1_bridge/install/ros1_bridge/share/ros1_bridge/environment/path.dsv
[1.808s] -- Installing: /root/ros1_bridge/install/ros1_bridge/share/ros1_bridge/local_setup.bash
[1.808s] -- Installing: /root/ros1_bridge/install/ros1_bridge/share/ros1_bridge/local_setup.sh
[1.808s] -- Installing: /root/ros1_bridge/install/ros1_bridge/share/ros1_bridge/local_setup.zsh
[1.808s] -- Installing: /root/ros1_bridge/install/ros1_bridge/share/ros1_bridge/local_setup.dsv
[1.808s] -- Installing: /root/ros1_bridge/install/ros1_bridge/share/ros1_bridge/package.dsv
[1.809s] -- Installing: /root/ros1_bridge/install/ros1_bridge/share/ament_index/resource_index/packages/ros1_bridge
[1.809s] -- Installing: /root/ros1_bridge/install/ros1_bridge/share/ros1_bridge/cmake/find_ros1_package.cmake
[1.809s] -- Installing: /root/ros1_bridge/install/ros1_bridge/share/ros1_bridge/cmake/find_ros1_interface_packages.cmake
[1.809s] -- Installing: /root/ros1_bridge/install/ros1_bridge/share/ros1_bridge/cmake/ros1_bridgeConfig.cmake
[1.809s] -- Installing: /root/ros1_bridge/install/ros1_bridge/share/ros1_bridge/cmake/ros1_bridgeConfig-version.cmake
[1.809s] -- Installing: /root/ros1_bridge/install/ros1_bridge/share/ros1_bridge/package.xml
[1.813s] Invoked command in '/root/ros1_bridge/build/ros1_bridge' returned '0': CMAKE_PREFIX_PATH=${CMAKE_PREFIX_PATH}:/root/ros2_ws/install/save_files:/opt/ros/humble /usr/bin/cmake --install /root/ros1_bridge/build/ros1_bridge
